INFO: [VRFC 10-2263] Analyzing Verilog file "E:/model/bighw/bighw.srcs/sources_1/new/word1.v" into library xil_defaultlib
INFO: [VRFC 10-311] analyzing module word1
INFO: [VRFC 10-2263] Analyzing Verilog file "E:/model/bighw/bighw.srcs/sources_1/new/snake.v" into library xil_defaultlib
INFO: [VRFC 10-311] analyzing module snake
INFO: [VRFC 10-2263] Analyzing Verilog file "E:/model/bighw/bighw.srcs/sources_1/new/scoring.v" into library xil_defaultlib
INFO: [VRFC 10-311] analyzing module scoring
INFO: [VRFC 10-2263] Analyzing Verilog file "E:/model/bighw/bighw.srcs/sources_1/new/word.v" into library xil_defaultlib
INFO: [VRFC 10-311] analyzing module word
INFO: [VRFC 10-2263] Analyzing Verilog file "E:/model/bighw/bighw.srcs/sources_1/new/vga.v" into library xil_defaultlib
INFO: [VRFC 10-311] analyzing module vga
INFO: [VRFC 10-2263] Analyzing Verilog file "E:/model/bighw/bighw.srcs/sources_1/new/keyin.v" into library xil_defaultlib
INFO: [VRFC 10-311] analyzing module keyin
INFO: [VRFC 10-2263] Analyzing Verilog file "E:/model/bighw/bighw.srcs/sources_1/new/clkdiv.v" into library xil_defaultlib
INFO: [VRFC 10-311] analyzing module clkdiv
INFO: [VRFC 10-2263] Analyzing Verilog file "E:/model/bighw/bighw.srcs/sources_1/new/keyboard.v" into library xil_defaultlib
INFO: [VRFC 10-311] analyzing module keyboard
INFO: [VRFC 10-2263] Analyzing Verilog file "E:/model/bighw/bighw.srcs/sources_1/new/snake_top.v" into library xil_defaultlib
INFO: [VRFC 10-311] analyzing module snake_top
INFO: [VRFC 10-2263] Analyzing Verilog file "E:/model/bighw/bighw.sim/sim_1/behav/glbl.v" into library xil_defaultlib
INFO: [VRFC 10-311] analyzing module glbl
