Unable to capture context for thread 36948 in process 44252, can not generate back trace
Unable to capture context for thread 28044 in process 44252, can not generate back trace
Unable to capture context for thread 57544 in process 44252, can not generate back trace
Unable to capture context for thread 36948 in process 44252, can not generate back trace
Unable to capture context for thread 28044 in process 44252, can not generate back trace
Unable to capture context for thread 57544 in process 44252, can not generate back trace
Unable to capture context for thread 42372 in process 44252, can not generate back trace
Unable to capture context for thread 58888 in process 44252, can not generate back trace
Exception at PC 0x00007FFBF124FE4C
Exception at PC 0x00007FFAB32CBB93
Printing stacktrace...

Exception at PC 0x00007FFBF124FE4C
Exception at PC 0x00007FFBF124FE4C
Exception at PC 0x00007FFBF124FE4C
[0]  [0x00007FFAB32CBB93]
[1]  [0x00007FFAB32CBB93]
[2]  [0x00007FFAB32CB4A1]
[3]  [0x00007FFAB32CB459]
[4]  [0x00007FFAB32B19FE]
[5]  [0x00007FFAB32B0ED1]
[6]  [0x00007FFAB32B0D76]
[7]  [0x00007FFAB32579F6]
[8]  [0x00007FFAB3247AFB]
[9]  [0x00007FFAB336E90A]
[10]  [0x00007FFAB3389F87]
[11]  [0x00007FFAB338A05F]
[12] (BaseThreadInitThunk+0x1d) [0x00007FFBF267257D]
[13] (RtlUserThreadStart+0x28) [0x00007FFBF3DEAF08]
Done
Exception at PC 0x00007FFBF124FE4C
Exception at PC 0x00007FFBF124FE4C
Exception at PC 0x00007FFBF124FE4C
Exception at PC 0x00007FFBF124FE4C
Exception at PC 0x00007FFBF124FE4C
Exception at PC 0x00007FFBF124FE4C
Exception at PC 0x00007FFBF124FE4C
Exception at PC 0x00007FFBF124FE4C
Exception at PC 0x00007FFBF124FE4C
Exception at PC 0x00007FFBF124FE4C
Exception at PC 0x00007FFBF124FE4C
Exception at PC 0x00007FFBF124FE4C
Exception at PC 0x00007FFBF124FE4C
