Unable to capture context for thread 90764 in process 62280, can not generate back trace
Unable to capture context for thread 82072 in process 62280, can not generate back trace
Unable to capture context for thread 92980 in process 62280, can not generate back trace
Unable to capture context for thread 83804 in process 62280, can not generate back trace
Exception at PC 0x00007FFD4AA9BB93
Printing stacktrace...

Unable to capture context for thread 90764 in process 62280, can not generate back trace
Unable to capture context for thread 82072 in process 62280, can not generate back trace
Unable to capture context for thread 92980 in process 62280, can not generate back trace
Exception at PC 0x00007FFE7B9DFE4C
Exception at PC 0x00007FFE7B9DFE4C
Exception at PC 0x00007FFE7B9DFE4C
Exception at PC 0x00007FFE7B9DFE4C
[0]  [0x00007FFD4AA9BB93]
[1]  [0x00007FFD4AA9BB93]
[2]  [0x00007FFD4AA9B4A1]
[3]  [0x00007FFD4AA9B459]
[4]  [0x00007FFD4AA819FE]
[5]  [0x00007FFD4AA80ED1]
[6]  [0x00007FFD4AA80D76]
[7]  [0x00007FFD4AA279F6]
[8]  [0x00007FFD4AA17AFB]
[9]  [0x00007FFD4AB3E90A]
[10]  [0x00007FFD4AB59F87]
[11]  [0x00007FFD4AB5A05F]
[12] (BaseThreadInitThunk+0x1d) [0x00007FFE7D02257D]
[13] (RtlUserThreadStart+0x28) [0x00007FFE7E06AF08]
Done
Exception at PC 0x00007FFE7B9DFE4C
Exception at PC 0x00007FFE7B9DFE4C
Exception at PC 0x00007FFE7B9DFE4C
Exception at PC 0x00007FFE7B9DFE4C
Exception at PC 0x00007FFE7B9DFE4C
Exception at PC 0x00007FFE7B9DFE4C
Exception at PC 0x00007FFE7B9DFE4C
Exception at PC 0x00007FFE7B9DFE4C
Exception at PC 0x00007FFE7B9DFE4C
Exception at PC 0x00007FFE7B9DFE4C
Exception at PC 0x00007FFE7B9DFE4C
Exception at PC 0x00007FFE7B9DFE4C
Exception at PC 0x00007FFE7B9DFE4C
