Copyright 1986-2016 Xilinx, Inc. All Rights Reserved.
-----------------------------------------------------------------------------------------------------------------------------------------------------------
| Tool Version : Vivado v.2016.2 (win64) Build 1577090 Thu Jun  2 16:32:40 MDT 2016
| Date         : Sun Dec 15 20:29:42 2024
| Host         : Nicolas-ainski running 64-bit major release  (build 9200)
| Command      : report_timing_summary -warn_on_violation -max_paths 10 -file snake_top_timing_summary_routed.rpt -rpx snake_top_timing_summary_routed.rpx
| Design       : snake_top
| Device       : 7a100t-csg324
| Speed File   : -1  PRODUCTION 1.14 2014-09-11
-----------------------------------------------------------------------------------------------------------------------------------------------------------

Timing Summary Report

------------------------------------------------------------------------------------------------
| Timer Settings
| --------------
------------------------------------------------------------------------------------------------

  Enable Multi Corner Analysis               :  Yes
  Enable Pessimism Removal                   :  Yes
  Pessimism Removal Resolution               :  Nearest Common Node
  Enable Input Delay Default Clock           :  No
  Enable Preset / Clear Arcs                 :  No
  Disable Flight Delays                      :  No
  Ignore I/O Paths                           :  No
  Timing Early Launch at Borrowing Latches   :  false

  Corner  Analyze    Analyze    
  Name    Max Paths  Min Paths  
  ------  ---------  ---------  
  Slow    Yes        Yes        
  Fast    Yes        Yes        



check_timing report

Table of Contents
-----------------
1. checking no_clock
2. checking constant_clock
3. checking pulse_width_clock
4. checking unconstrained_internal_endpoints
5. checking no_input_delay
6. checking no_output_delay
7. checking multiple_clock
8. checking generated_clocks
9. checking loops
10. checking partial_input_delay
11. checking partial_output_delay
12. checking latch_loops

1. checking no_clock
--------------------
 There are 406 register/latch pins with no clock driven by root clock pin: clk (HIGH)

 There are 21 register/latch pins with no clock driven by root clock pin: U1/q_reg[1]/C (HIGH)

 There are 2 register/latch pins with no clock driven by root clock pin: U2/hc_reg[0]/C (HIGH)

 There are 2 register/latch pins with no clock driven by root clock pin: U2/hc_reg[1]/C (HIGH)

 There are 2 register/latch pins with no clock driven by root clock pin: U2/hc_reg[2]/C (HIGH)

 There are 2 register/latch pins with no clock driven by root clock pin: U2/hc_reg[3]/C (HIGH)

 There are 2 register/latch pins with no clock driven by root clock pin: U2/hc_reg[4]/C (HIGH)

 There are 2 register/latch pins with no clock driven by root clock pin: U2/hc_reg[5]/C (HIGH)

 There are 2 register/latch pins with no clock driven by root clock pin: U2/hc_reg[6]/C (HIGH)

 There are 2 register/latch pins with no clock driven by root clock pin: U2/hc_reg[7]/C (HIGH)

 There are 2 register/latch pins with no clock driven by root clock pin: U2/hc_reg[8]/C (HIGH)

 There are 2 register/latch pins with no clock driven by root clock pin: U2/hc_reg[9]/C (HIGH)

 There are 2 register/latch pins with no clock driven by root clock pin: U2/vc_reg[0]/C (HIGH)

 There are 2 register/latch pins with no clock driven by root clock pin: U2/vc_reg[1]/C (HIGH)

 There are 2 register/latch pins with no clock driven by root clock pin: U2/vc_reg[2]/C (HIGH)

 There are 2 register/latch pins with no clock driven by root clock pin: U2/vc_reg[3]/C (HIGH)

 There are 2 register/latch pins with no clock driven by root clock pin: U2/vc_reg[4]/C (HIGH)

 There are 2 register/latch pins with no clock driven by root clock pin: U2/vc_reg[5]/C (HIGH)

 There are 2 register/latch pins with no clock driven by root clock pin: U2/vc_reg[6]/C (HIGH)

 There are 2 register/latch pins with no clock driven by root clock pin: U2/vc_reg[7]/C (HIGH)

 There are 2 register/latch pins with no clock driven by root clock pin: U2/vc_reg[8]/C (HIGH)

 There are 2 register/latch pins with no clock driven by root clock pin: U2/vc_reg[9]/C (HIGH)

 There are 2 register/latch pins with no clock driven by root clock pin: U3/h_all_reg[12]/C (HIGH)

 There are 2 register/latch pins with no clock driven by root clock pin: U3/h_all_reg[13]/C (HIGH)

 There are 2 register/latch pins with no clock driven by root clock pin: U3/h_all_reg[14]/C (HIGH)

 There are 2 register/latch pins with no clock driven by root clock pin: U3/h_all_reg[15]/C (HIGH)

 There are 2 register/latch pins with no clock driven by root clock pin: U3/h_all_reg[16]/C (HIGH)

 There are 2 register/latch pins with no clock driven by root clock pin: U3/h_all_reg[17]/C (HIGH)

 There are 2 register/latch pins with no clock driven by root clock pin: U3/h_all_reg[18]/C (HIGH)

 There are 2 register/latch pins with no clock driven by root clock pin: U3/h_all_reg[19]/C (HIGH)

 There are 2 register/latch pins with no clock driven by root clock pin: U3/h_all_reg[20]/C (HIGH)

 There are 2 register/latch pins with no clock driven by root clock pin: U3/h_all_reg[21]/C (HIGH)

 There are 2 register/latch pins with no clock driven by root clock pin: U3/h_all_reg[22]/C (HIGH)

 There are 2 register/latch pins with no clock driven by root clock pin: U3/h_all_reg[23]/C (HIGH)

 There are 2 register/latch pins with no clock driven by root clock pin: U3/h_all_reg[24]/C (HIGH)

 There are 2 register/latch pins with no clock driven by root clock pin: U3/h_all_reg[25]/C (HIGH)

 There are 2 register/latch pins with no clock driven by root clock pin: U3/h_all_reg[26]/C (HIGH)

 There are 2 register/latch pins with no clock driven by root clock pin: U3/h_all_reg[27]/C (HIGH)

 There are 2 register/latch pins with no clock driven by root clock pin: U3/h_all_reg[28]/C (HIGH)

 There are 2 register/latch pins with no clock driven by root clock pin: U3/h_all_reg[29]/C (HIGH)

 There are 2 register/latch pins with no clock driven by root clock pin: U3/h_all_reg[2]/C (HIGH)

 There are 2 register/latch pins with no clock driven by root clock pin: U3/h_all_reg[30]/C (HIGH)

 There are 2 register/latch pins with no clock driven by root clock pin: U3/h_all_reg[31]/C (HIGH)

 There are 2 register/latch pins with no clock driven by root clock pin: U3/h_all_reg[32]/C (HIGH)

 There are 2 register/latch pins with no clock driven by root clock pin: U3/h_all_reg[33]/C (HIGH)

 There are 2 register/latch pins with no clock driven by root clock pin: U3/h_all_reg[34]/C (HIGH)

 There are 2 register/latch pins with no clock driven by root clock pin: U3/h_all_reg[35]/C (HIGH)

 There are 2 register/latch pins with no clock driven by root clock pin: U3/h_all_reg[36]/C (HIGH)

 There are 2 register/latch pins with no clock driven by root clock pin: U3/h_all_reg[37]/C (HIGH)

 There are 2 register/latch pins with no clock driven by root clock pin: U3/h_all_reg[38]/C (HIGH)

 There are 2 register/latch pins with no clock driven by root clock pin: U3/h_all_reg[39]/C (HIGH)

 There are 2 register/latch pins with no clock driven by root clock pin: U3/h_all_reg[3]/C (HIGH)

 There are 2 register/latch pins with no clock driven by root clock pin: U3/h_all_reg[40]/C (HIGH)

 There are 2 register/latch pins with no clock driven by root clock pin: U3/h_all_reg[41]/C (HIGH)

 There are 2 register/latch pins with no clock driven by root clock pin: U3/h_all_reg[42]/C (HIGH)

 There are 2 register/latch pins with no clock driven by root clock pin: U3/h_all_reg[43]/C (HIGH)

 There are 2 register/latch pins with no clock driven by root clock pin: U3/h_all_reg[44]/C (HIGH)

 There are 2 register/latch pins with no clock driven by root clock pin: U3/h_all_reg[45]/C (HIGH)

 There are 2 register/latch pins with no clock driven by root clock pin: U3/h_all_reg[46]/C (HIGH)

 There are 2 register/latch pins with no clock driven by root clock pin: U3/h_all_reg[47]/C (HIGH)

 There are 2 register/latch pins with no clock driven by root clock pin: U3/h_all_reg[48]/C (HIGH)

 There are 2 register/latch pins with no clock driven by root clock pin: U3/h_all_reg[49]/C (HIGH)

 There are 2 register/latch pins with no clock driven by root clock pin: U3/h_all_reg[4]/C (HIGH)

 There are 2 register/latch pins with no clock driven by root clock pin: U3/h_all_reg[50]/C (HIGH)

 There are 2 register/latch pins with no clock driven by root clock pin: U3/h_all_reg[51]/C (HIGH)

 There are 2 register/latch pins with no clock driven by root clock pin: U3/h_all_reg[52]/C (HIGH)

 There are 2 register/latch pins with no clock driven by root clock pin: U3/h_all_reg[53]/C (HIGH)

 There are 2 register/latch pins with no clock driven by root clock pin: U3/h_all_reg[54]/C (HIGH)

 There are 2 register/latch pins with no clock driven by root clock pin: U3/h_all_reg[55]/C (HIGH)

 There are 2 register/latch pins with no clock driven by root clock pin: U3/h_all_reg[56]/C (HIGH)

 There are 2 register/latch pins with no clock driven by root clock pin: U3/h_all_reg[57]/C (HIGH)

 There are 2 register/latch pins with no clock driven by root clock pin: U3/h_all_reg[58]/C (HIGH)

 There are 2 register/latch pins with no clock driven by root clock pin: U3/h_all_reg[59]/C (HIGH)

 There are 2 register/latch pins with no clock driven by root clock pin: U3/h_all_reg[5]/C (HIGH)

 There are 2 register/latch pins with no clock driven by root clock pin: U3/h_all_reg[60]/C (HIGH)

 There are 2 register/latch pins with no clock driven by root clock pin: U3/h_all_reg[61]/C (HIGH)

 There are 2 register/latch pins with no clock driven by root clock pin: U3/h_all_reg[62]/C (HIGH)

 There are 2 register/latch pins with no clock driven by root clock pin: U3/h_all_reg[63]/C (HIGH)

 There are 2 register/latch pins with no clock driven by root clock pin: U3/h_all_reg[64]/C (HIGH)

 There are 2 register/latch pins with no clock driven by root clock pin: U3/h_all_reg[65]/C (HIGH)

 There are 2 register/latch pins with no clock driven by root clock pin: U3/h_all_reg[66]/C (HIGH)

 There are 2 register/latch pins with no clock driven by root clock pin: U3/h_all_reg[67]/C (HIGH)

 There are 2 register/latch pins with no clock driven by root clock pin: U3/h_all_reg[68]/C (HIGH)

 There are 2 register/latch pins with no clock driven by root clock pin: U3/h_all_reg[69]/C (HIGH)

 There are 2 register/latch pins with no clock driven by root clock pin: U3/h_all_reg[6]/C (HIGH)

 There are 2 register/latch pins with no clock driven by root clock pin: U3/h_all_reg[70]/C (HIGH)

 There are 2 register/latch pins with no clock driven by root clock pin: U3/h_all_reg[71]/C (HIGH)

 There are 2 register/latch pins with no clock driven by root clock pin: U3/h_all_reg[72]/C (HIGH)

 There are 2 register/latch pins with no clock driven by root clock pin: U3/h_all_reg[73]/C (HIGH)

 There are 2 register/latch pins with no clock driven by root clock pin: U3/h_all_reg[74]/C (HIGH)

 There are 2 register/latch pins with no clock driven by root clock pin: U3/h_all_reg[75]/C (HIGH)

 There are 2 register/latch pins with no clock driven by root clock pin: U3/h_all_reg[76]/C (HIGH)

 There are 2 register/latch pins with no clock driven by root clock pin: U3/h_all_reg[77]/C (HIGH)

 There are 2 register/latch pins with no clock driven by root clock pin: U3/h_all_reg[78]/C (HIGH)

 There are 2 register/latch pins with no clock driven by root clock pin: U3/h_all_reg[79]/C (HIGH)

 There are 2 register/latch pins with no clock driven by root clock pin: U3/h_all_reg[7]/C (HIGH)

 There are 2 register/latch pins with no clock driven by root clock pin: U3/h_all_reg[80]/C (HIGH)

 There are 2 register/latch pins with no clock driven by root clock pin: U3/h_all_reg[81]/C (HIGH)

 There are 2 register/latch pins with no clock driven by root clock pin: U3/h_all_reg[82]/C (HIGH)

 There are 2 register/latch pins with no clock driven by root clock pin: U3/h_all_reg[83]/C (HIGH)

 There are 2 register/latch pins with no clock driven by root clock pin: U3/h_all_reg[84]/C (HIGH)

 There are 2 register/latch pins with no clock driven by root clock pin: U3/h_all_reg[85]/C (HIGH)

 There are 2 register/latch pins with no clock driven by root clock pin: U3/h_all_reg[86]/C (HIGH)

 There are 2 register/latch pins with no clock driven by root clock pin: U3/h_all_reg[87]/C (HIGH)

 There are 2 register/latch pins with no clock driven by root clock pin: U3/h_all_reg[88]/C (HIGH)

 There are 2 register/latch pins with no clock driven by root clock pin: U3/h_all_reg[89]/C (HIGH)

 There are 2 register/latch pins with no clock driven by root clock pin: U3/h_all_reg[8]/C (HIGH)

 There are 2 register/latch pins with no clock driven by root clock pin: U3/h_all_reg[90]/C (HIGH)

 There are 2 register/latch pins with no clock driven by root clock pin: U3/h_all_reg[91]/C (HIGH)

 There are 2 register/latch pins with no clock driven by root clock pin: U3/h_all_reg[92]/C (HIGH)

 There are 2 register/latch pins with no clock driven by root clock pin: U3/h_all_reg[93]/C (HIGH)

 There are 2 register/latch pins with no clock driven by root clock pin: U3/h_all_reg[94]/C (HIGH)

 There are 2 register/latch pins with no clock driven by root clock pin: U3/h_all_reg[95]/C (HIGH)

 There are 2 register/latch pins with no clock driven by root clock pin: U3/h_all_reg[96]/C (HIGH)

 There are 2 register/latch pins with no clock driven by root clock pin: U3/h_all_reg[97]/C (HIGH)

 There are 2 register/latch pins with no clock driven by root clock pin: U3/h_all_reg[98]/C (HIGH)

 There are 2 register/latch pins with no clock driven by root clock pin: U3/h_all_reg[99]/C (HIGH)

 There are 2 register/latch pins with no clock driven by root clock pin: U3/h_all_reg[9]/C (HIGH)

 There are 2 register/latch pins with no clock driven by root clock pin: U3/num_reg[0]/C (HIGH)

 There are 2 register/latch pins with no clock driven by root clock pin: U3/num_reg[0]_rep/C (HIGH)

 There are 2 register/latch pins with no clock driven by root clock pin: U3/num_reg[0]_rep__2/C (HIGH)

 There are 2 register/latch pins with no clock driven by root clock pin: U3/num_reg[1]/C (HIGH)

 There are 2 register/latch pins with no clock driven by root clock pin: U3/num_reg[1]_rep/C (HIGH)

 There are 2 register/latch pins with no clock driven by root clock pin: U3/num_reg[1]_rep__0/C (HIGH)

 There are 2 register/latch pins with no clock driven by root clock pin: U3/num_reg[1]_rep__3/C (HIGH)

 There are 2 register/latch pins with no clock driven by root clock pin: U3/num_reg[2]/C (HIGH)

 There are 2 register/latch pins with no clock driven by root clock pin: U3/num_reg[2]_rep/C (HIGH)

 There are 2 register/latch pins with no clock driven by root clock pin: U3/num_reg[2]_rep__0/C (HIGH)

 There are 2 register/latch pins with no clock driven by root clock pin: U3/num_reg[2]_rep__1/C (HIGH)

 There are 2 register/latch pins with no clock driven by root clock pin: U3/num_reg[3]/C (HIGH)

 There are 2 register/latch pins with no clock driven by root clock pin: U3/num_reg[3]_rep__0/C (HIGH)

 There are 2 register/latch pins with no clock driven by root clock pin: U3/num_reg[3]_rep__1/C (HIGH)

 There are 2 register/latch pins with no clock driven by root clock pin: U3/num_reg[3]_rep__2/C (HIGH)

 There are 2 register/latch pins with no clock driven by root clock pin: U3/state_reg[0]/C (HIGH)

 There are 2 register/latch pins with no clock driven by root clock pin: U3/state_reg[1]/C (HIGH)

 There are 2 register/latch pins with no clock driven by root clock pin: U3/state_reg[2]/C (HIGH)

 There are 2 register/latch pins with no clock driven by root clock pin: U3/v_all_reg[12]/C (HIGH)

 There are 2 register/latch pins with no clock driven by root clock pin: U3/v_all_reg[13]/C (HIGH)

 There are 2 register/latch pins with no clock driven by root clock pin: U3/v_all_reg[14]/C (HIGH)

 There are 2 register/latch pins with no clock driven by root clock pin: U3/v_all_reg[15]/C (HIGH)

 There are 2 register/latch pins with no clock driven by root clock pin: U3/v_all_reg[16]/C (HIGH)

 There are 2 register/latch pins with no clock driven by root clock pin: U3/v_all_reg[17]/C (HIGH)

 There are 2 register/latch pins with no clock driven by root clock pin: U3/v_all_reg[18]/C (HIGH)

 There are 2 register/latch pins with no clock driven by root clock pin: U3/v_all_reg[19]/C (HIGH)

 There are 2 register/latch pins with no clock driven by root clock pin: U3/v_all_reg[20]/C (HIGH)

 There are 2 register/latch pins with no clock driven by root clock pin: U3/v_all_reg[21]/C (HIGH)

 There are 2 register/latch pins with no clock driven by root clock pin: U3/v_all_reg[22]/C (HIGH)

 There are 2 register/latch pins with no clock driven by root clock pin: U3/v_all_reg[23]/C (HIGH)

 There are 2 register/latch pins with no clock driven by root clock pin: U3/v_all_reg[24]/C (HIGH)

 There are 2 register/latch pins with no clock driven by root clock pin: U3/v_all_reg[25]/C (HIGH)

 There are 2 register/latch pins with no clock driven by root clock pin: U3/v_all_reg[26]/C (HIGH)

 There are 2 register/latch pins with no clock driven by root clock pin: U3/v_all_reg[27]/C (HIGH)

 There are 2 register/latch pins with no clock driven by root clock pin: U3/v_all_reg[28]/C (HIGH)

 There are 2 register/latch pins with no clock driven by root clock pin: U3/v_all_reg[29]/C (HIGH)

 There are 2 register/latch pins with no clock driven by root clock pin: U3/v_all_reg[2]/C (HIGH)

 There are 2 register/latch pins with no clock driven by root clock pin: U3/v_all_reg[30]/C (HIGH)

 There are 2 register/latch pins with no clock driven by root clock pin: U3/v_all_reg[31]/C (HIGH)

 There are 2 register/latch pins with no clock driven by root clock pin: U3/v_all_reg[32]/C (HIGH)

 There are 2 register/latch pins with no clock driven by root clock pin: U3/v_all_reg[33]/C (HIGH)

 There are 2 register/latch pins with no clock driven by root clock pin: U3/v_all_reg[34]/C (HIGH)

 There are 2 register/latch pins with no clock driven by root clock pin: U3/v_all_reg[35]/C (HIGH)

 There are 2 register/latch pins with no clock driven by root clock pin: U3/v_all_reg[36]/C (HIGH)

 There are 2 register/latch pins with no clock driven by root clock pin: U3/v_all_reg[37]/C (HIGH)

 There are 2 register/latch pins with no clock driven by root clock pin: U3/v_all_reg[38]/C (HIGH)

 There are 2 register/latch pins with no clock driven by root clock pin: U3/v_all_reg[39]/C (HIGH)

 There are 2 register/latch pins with no clock driven by root clock pin: U3/v_all_reg[3]/C (HIGH)

 There are 2 register/latch pins with no clock driven by root clock pin: U3/v_all_reg[40]/C (HIGH)

 There are 2 register/latch pins with no clock driven by root clock pin: U3/v_all_reg[41]/C (HIGH)

 There are 2 register/latch pins with no clock driven by root clock pin: U3/v_all_reg[42]/C (HIGH)

 There are 2 register/latch pins with no clock driven by root clock pin: U3/v_all_reg[43]/C (HIGH)

 There are 2 register/latch pins with no clock driven by root clock pin: U3/v_all_reg[44]/C (HIGH)

 There are 2 register/latch pins with no clock driven by root clock pin: U3/v_all_reg[45]/C (HIGH)

 There are 2 register/latch pins with no clock driven by root clock pin: U3/v_all_reg[46]/C (HIGH)

 There are 2 register/latch pins with no clock driven by root clock pin: U3/v_all_reg[47]/C (HIGH)

 There are 2 register/latch pins with no clock driven by root clock pin: U3/v_all_reg[48]/C (HIGH)

 There are 2 register/latch pins with no clock driven by root clock pin: U3/v_all_reg[49]/C (HIGH)

 There are 2 register/latch pins with no clock driven by root clock pin: U3/v_all_reg[4]/C (HIGH)

 There are 2 register/latch pins with no clock driven by root clock pin: U3/v_all_reg[50]/C (HIGH)

 There are 2 register/latch pins with no clock driven by root clock pin: U3/v_all_reg[51]/C (HIGH)

 There are 2 register/latch pins with no clock driven by root clock pin: U3/v_all_reg[52]/C (HIGH)

 There are 2 register/latch pins with no clock driven by root clock pin: U3/v_all_reg[53]/C (HIGH)

 There are 2 register/latch pins with no clock driven by root clock pin: U3/v_all_reg[54]/C (HIGH)

 There are 2 register/latch pins with no clock driven by root clock pin: U3/v_all_reg[55]/C (HIGH)

 There are 2 register/latch pins with no clock driven by root clock pin: U3/v_all_reg[56]/C (HIGH)

 There are 2 register/latch pins with no clock driven by root clock pin: U3/v_all_reg[57]/C (HIGH)

 There are 2 register/latch pins with no clock driven by root clock pin: U3/v_all_reg[58]/C (HIGH)

 There are 2 register/latch pins with no clock driven by root clock pin: U3/v_all_reg[59]/C (HIGH)

 There are 2 register/latch pins with no clock driven by root clock pin: U3/v_all_reg[5]/C (HIGH)

 There are 2 register/latch pins with no clock driven by root clock pin: U3/v_all_reg[60]/C (HIGH)

 There are 2 register/latch pins with no clock driven by root clock pin: U3/v_all_reg[61]/C (HIGH)

 There are 2 register/latch pins with no clock driven by root clock pin: U3/v_all_reg[62]/C (HIGH)

 There are 2 register/latch pins with no clock driven by root clock pin: U3/v_all_reg[63]/C (HIGH)

 There are 2 register/latch pins with no clock driven by root clock pin: U3/v_all_reg[64]/C (HIGH)

 There are 2 register/latch pins with no clock driven by root clock pin: U3/v_all_reg[65]/C (HIGH)

 There are 2 register/latch pins with no clock driven by root clock pin: U3/v_all_reg[66]/C (HIGH)

 There are 2 register/latch pins with no clock driven by root clock pin: U3/v_all_reg[67]/C (HIGH)

 There are 2 register/latch pins with no clock driven by root clock pin: U3/v_all_reg[68]/C (HIGH)

 There are 2 register/latch pins with no clock driven by root clock pin: U3/v_all_reg[69]/C (HIGH)

 There are 2 register/latch pins with no clock driven by root clock pin: U3/v_all_reg[6]/C (HIGH)

 There are 2 register/latch pins with no clock driven by root clock pin: U3/v_all_reg[70]/C (HIGH)

 There are 2 register/latch pins with no clock driven by root clock pin: U3/v_all_reg[71]/C (HIGH)

 There are 2 register/latch pins with no clock driven by root clock pin: U3/v_all_reg[72]/C (HIGH)

 There are 2 register/latch pins with no clock driven by root clock pin: U3/v_all_reg[73]/C (HIGH)

 There are 2 register/latch pins with no clock driven by root clock pin: U3/v_all_reg[74]/C (HIGH)

 There are 2 register/latch pins with no clock driven by root clock pin: U3/v_all_reg[75]/C (HIGH)

 There are 2 register/latch pins with no clock driven by root clock pin: U3/v_all_reg[76]/C (HIGH)

 There are 2 register/latch pins with no clock driven by root clock pin: U3/v_all_reg[77]/C (HIGH)

 There are 2 register/latch pins with no clock driven by root clock pin: U3/v_all_reg[78]/C (HIGH)

 There are 2 register/latch pins with no clock driven by root clock pin: U3/v_all_reg[79]/C (HIGH)

 There are 2 register/latch pins with no clock driven by root clock pin: U3/v_all_reg[7]/C (HIGH)

 There are 2 register/latch pins with no clock driven by root clock pin: U3/v_all_reg[80]/C (HIGH)

 There are 2 register/latch pins with no clock driven by root clock pin: U3/v_all_reg[81]/C (HIGH)

 There are 2 register/latch pins with no clock driven by root clock pin: U3/v_all_reg[82]/C (HIGH)

 There are 2 register/latch pins with no clock driven by root clock pin: U3/v_all_reg[83]/C (HIGH)

 There are 2 register/latch pins with no clock driven by root clock pin: U3/v_all_reg[84]/C (HIGH)

 There are 2 register/latch pins with no clock driven by root clock pin: U3/v_all_reg[85]/C (HIGH)

 There are 2 register/latch pins with no clock driven by root clock pin: U3/v_all_reg[86]/C (HIGH)

 There are 2 register/latch pins with no clock driven by root clock pin: U3/v_all_reg[87]/C (HIGH)

 There are 2 register/latch pins with no clock driven by root clock pin: U3/v_all_reg[88]/C (HIGH)

 There are 2 register/latch pins with no clock driven by root clock pin: U3/v_all_reg[89]/C (HIGH)

 There are 2 register/latch pins with no clock driven by root clock pin: U3/v_all_reg[8]/C (HIGH)

 There are 2 register/latch pins with no clock driven by root clock pin: U3/v_all_reg[90]/C (HIGH)

 There are 2 register/latch pins with no clock driven by root clock pin: U3/v_all_reg[91]/C (HIGH)

 There are 2 register/latch pins with no clock driven by root clock pin: U3/v_all_reg[92]/C (HIGH)

 There are 2 register/latch pins with no clock driven by root clock pin: U3/v_all_reg[93]/C (HIGH)

 There are 2 register/latch pins with no clock driven by root clock pin: U3/v_all_reg[94]/C (HIGH)

 There are 2 register/latch pins with no clock driven by root clock pin: U3/v_all_reg[95]/C (HIGH)

 There are 2 register/latch pins with no clock driven by root clock pin: U3/v_all_reg[96]/C (HIGH)

 There are 2 register/latch pins with no clock driven by root clock pin: U3/v_all_reg[97]/C (HIGH)

 There are 2 register/latch pins with no clock driven by root clock pin: U3/v_all_reg[98]/C (HIGH)

 There are 2 register/latch pins with no clock driven by root clock pin: U3/v_all_reg[99]/C (HIGH)

 There are 2 register/latch pins with no clock driven by root clock pin: U3/v_all_reg[9]/C (HIGH)

 There are 18 register/latch pins with no clock driven by root clock pin: U5/DIR1_reg/C (HIGH)

 There are 10 register/latch pins with no clock driven by root clock pin: U5/PS2Cf_reg/C (HIGH)

 There are 2 register/latch pins with no clock driven by root clock pin: U6/DIR2_reg/C (HIGH)


2. checking constant_clock
--------------------------
 There are 0 register/latch pins with constant_clock.


3. checking pulse_width_clock
-----------------------------
 There are 0 register/latch pins which need pulse_width check


4. checking unconstrained_internal_endpoints
--------------------------------------------
 There are 1127 pins that are not constrained for maximum delay. (HIGH)

 There are 0 pins that are not constrained for maximum delay due to constant clock.


5. checking no_input_delay
--------------------------
 There are 8 input ports with no input delay specified. (HIGH)

 There are 0 input ports with no input delay but user has a false path constraint.


6. checking no_output_delay
---------------------------
 There are 28 ports with no output delay specified. (HIGH)

 There are 0 ports with no output delay but user has a false path constraint

 There are 0 ports with no output delay but with a timing clock defined on it or propagating through it


7. checking multiple_clock
--------------------------
 There are 0 register/latch pins with multiple clocks.


8. checking generated_clocks
----------------------------
 There are 0 generated clocks that are not connected to a clock source.


9. checking loops
-----------------
 There are 0 combinational loops in the design.


10. checking partial_input_delay
--------------------------------
 There are 0 input ports with partial input delay specified.


11. checking partial_output_delay
---------------------------------
 There are 0 ports with partial output delay specified.


12. checking latch_loops
------------------------
 There are 0 combinational latch loops in the design through latch input



------------------------------------------------------------------------------------------------
| Design Timing Summary
| ---------------------
------------------------------------------------------------------------------------------------

    WNS(ns)      TNS(ns)  TNS Failing Endpoints  TNS Total Endpoints      WHS(ns)      THS(ns)  THS Failing Endpoints  THS Total Endpoints     WPWS(ns)     TPWS(ns)  TPWS Failing Endpoints  TPWS Total Endpoints  
    -------      -------  ---------------------  -------------------      -------      -------  ---------------------  -------------------     --------     --------  ----------------------  --------------------  
         NA           NA                     NA                   NA           NA           NA                     NA                   NA           NA           NA                      NA                    NA  


There are no user specified timing constraints.


------------------------------------------------------------------------------------------------
| Clock Summary
| -------------
------------------------------------------------------------------------------------------------


------------------------------------------------------------------------------------------------
| Intra Clock Table
| -----------------
------------------------------------------------------------------------------------------------

Clock             WNS(ns)      TNS(ns)  TNS Failing Endpoints  TNS Total Endpoints      WHS(ns)      THS(ns)  THS Failing Endpoints  THS Total Endpoints     WPWS(ns)     TPWS(ns)  TPWS Failing Endpoints  TPWS Total Endpoints  
-----             -------      -------  ---------------------  -------------------      -------      -------  ---------------------  -------------------     --------     --------  ----------------------  --------------------  


------------------------------------------------------------------------------------------------
| Inter Clock Table
| -----------------
------------------------------------------------------------------------------------------------

From Clock    To Clock          WNS(ns)      TNS(ns)  TNS Failing Endpoints  TNS Total Endpoints      WHS(ns)      THS(ns)  THS Failing Endpoints  THS Total Endpoints  
----------    --------          -------      -------  ---------------------  -------------------      -------      -------  ---------------------  -------------------  


------------------------------------------------------------------------------------------------
| Other Path Groups Table
| -----------------------
------------------------------------------------------------------------------------------------

Path Group    From Clock    To Clock          WNS(ns)      TNS(ns)  TNS Failing Endpoints  TNS Total Endpoints      WHS(ns)      THS(ns)  THS Failing Endpoints  THS Total Endpoints  
----------    ----------    --------          -------      -------  ---------------------  -------------------      -------      -------  ---------------------  -------------------  


------------------------------------------------------------------------------------------------
| Timing Details
| --------------
------------------------------------------------------------------------------------------------


