Unable to capture context for thread 34540 in process 1604, can not generate back trace
Unable to capture context for thread 17496 in process 1604, can not generate back trace
Unable to capture context for thread 27080 in process 1604, can not generate back trace
Unable to capture context for thread 37172 in process 1604, can not generate back trace
Unable to capture context for thread 37352 in process 1604, can not generate back trace
Exception at PC 0x00007FFD8D17BB93
Printing stacktrace...

Unable to capture context for thread 34540 in process 1604, can not generate back trace
Unable to capture context for thread 17496 in process 1604, can not generate back trace
Unable to capture context for thread 27080 in process 1604, can not generate back trace
Exception at PC 0x00007FFE0545FABC
Exception at PC 0x00007FFE0545FABC
Exception at PC 0x00007FFE0545FABC
Exception at PC 0x00007FFE0545FABC
Exception at PC 0x00007FFE0545FABC
[0]  [0x00007FFD8D17BB93]
[1]  [0x00007FFD8D17BB93]
[2]  [0x00007FFD8D17B4A1]
[3]  [0x00007FFD8D17B459]
[4]  [0x00007FFD8D1619FE]
[5]  [0x00007FFD8D160ED1]
[6]  [0x00007FFD8D160D76]
[7]  [0x00007FFD8D1079F6]
[8]  [0x00007FFD8D0F7AFB]
[9]  [0x00007FFD8D21E90A]
[10]  [0x00007FFD8D239F87]
[11]  [0x00007FFD8D23A05F]
[12] (BaseThreadInitThunk+0x1d) [0x00007FFE06BC257D]
[13] (RtlUserThreadStart+0x28) [0x00007FFE07B8AF28]
Done
Exception at PC 0x00007FFE0545FABC
Exception at PC 0x00007FFE0545FABC
Exception at PC 0x00007FFE0545FABC
Exception at PC 0x00007FFE0545FABC
Exception at PC 0x00007FFE0545FABC
Exception at PC 0x00007FFE0545FABC
Exception at PC 0x00007FFE0545FABC
Exception at PC 0x00007FFE0545FABC
Exception at PC 0x00007FFE0545FABC
Exception at PC 0x00007FFE0545FABC
Exception at PC 0x00007FFE0545FABC
Exception at PC 0x00007FFE0545FABC
