Unable to capture context for thread 32560 in process 29540, can not generate back trace
Unable to capture context for thread 28976 in process 29540, can not generate back trace
Unable to capture context for thread 12032 in process 29540, can not generate back trace
Unable to capture context for thread 2416 in process 29540, can not generate back trace
Unable to capture context for thread 30664 in process 29540, can not generate back trace
Exception at PC 0x00007FFCB76FBB93
Printing stacktrace...

Unable to capture context for thread 12032 in process 29540, can not generate back trace
Exception at PC 0x00007FFDD209FABC
Exception at PC 0x00007FFDD209FABC
Exception at PC 0x00007FFDD209FABC
Exception at PC 0x00007FFDD209FABC
Exception at PC 0x00007FFDD209FABC
[0]  [0x00007FFCB76FBB93]
[1]  [0x00007FFCB76FBB93]
[2]  [0x00007FFCB76FB4A1]
[3]  [0x00007FFCB76FB459]
[4]  [0x00007FFCB76E19FE]
[5]  [0x00007FFCB76E0ED1]
[6]  [0x00007FFCB76E0D76]
[7]  [0x00007FFCB76879F6]
[8]  [0x00007FFCB7677AFB]
[9]  [0x00007FFCB779E90A]
[10]  [0x00007FFCB77B9F87]
[11]  [0x00007FFCB77BA05F]
[12] (BaseThreadInitThunk+0x1d) [0x00007FFDD39E257D]
[13] (RtlUserThreadStart+0x28) [0x00007FFDD4C8AF28]
Done
Exception at PC 0x00007FFDD209FABC
Exception at PC 0x00007FFDD209FABC
Exception at PC 0x00007FFDD209FABC
Exception at PC 0x00007FFDD209FABC
Exception at PC 0x00007FFDD209FABC
Exception at PC 0x00007FFDD209FABC
Exception at PC 0x00007FFDD209FABC
Exception at PC 0x00007FFDD209FABC
Exception at PC 0x00007FFDD209FABC
Exception at PC 0x00007FFDD209FABC
Exception at PC 0x00007FFDD209FABC
Exception at PC 0x00007FFDD209FABC
