Unable to capture context for thread 1460 in process 18548, can not generate back trace
Unable to capture context for thread 25436 in process 18548, can not generate back trace
Unable to capture context for thread 7412 in process 18548, can not generate back trace
Exception at PC 0x00007FFD34FDBB93
Printing stacktrace...

Unable to capture context for thread 3456 in process 18548, can not generate back trace
Unable to capture context for thread 25516 in process 18548, can not generate back trace
Unable to capture context for thread 16664 in process 18548, can not generate back trace
Exception at PC 0x00007FFDD209FABC
Exception at PC 0x00007FFDD209FABC
Exception at PC 0x00007FFDD209FABC
Exception at PC 0x00007FFDD209FABC
Exception at PC 0x00007FFDD209FABC
Exception at PC 0x00007FFDD209FABC
Exception at PC 0x00007FFDD209FABC
[0]  [0x00007FFD34FDBB93]
[1]  [0x00007FFD34FDBB93]
[2]  [0x00007FFD34FDB4A1]
[3]  [0x00007FFD34FDB459]
[4]  [0x00007FFD34FC19FE]
[5]  [0x00007FFD34FC0ED1]
[6]  [0x00007FFD34FC0D76]
[7]  [0x00007FFD34F679F6]
[8]  [0x00007FFD34F57AFB]
[9]  [0x00007FFD3507E90A]
[10]  [0x00007FFD35099F87]
[11]  [0x00007FFD3509A05F]
[12] (BaseThreadInitThunk+0x1d) [0x00007FFDD39E257D]
[13] (RtlUserThreadStart+0x28) [0x00007FFDD4C8AF28]
Done
Exception at PC 0x00007FFDD209FABC
Exception at PC 0x00007FFDD209FABC
Exception at PC 0x00007FFDD209FABC
Exception at PC 0x00007FFDD209FABC
Exception at PC 0x00007FFDD209FABC
Exception at PC 0x00007FFDD209FABC
Exception at PC 0x00007FFDD209FABC
Exception at PC 0x00007FFDD209FABC
Exception at PC 0x00007FFDD209FABC
Exception at PC 0x00007FFDD209FABC
