Unable to capture context for thread 38236 in process 44420, can not generate back trace
Unable to capture context for thread 27068 in process 44420, can not generate back trace
Unable to capture context for thread 41896 in process 44420, can not generate back trace
Unable to capture context for thread 10940 in process 44420, can not generate back trace
Unable to capture context for thread 38236 in process 44420, can not generate back trace
Unable to capture context for thread 27068 in process 44420, can not generate back trace
Unable to capture context for thread 41896 in process 44420, can not generate back trace
Unable to capture context for thread 10940 in process 44420, can not generate back trace
Exception at PC 0x00007FFE2B4FBB93
Printing stacktrace...

Exception at PC 0x00007FFEE2D7FA4C
Exception at PC 0x00007FFEE2D7FA4C
Exception at PC 0x00007FFEE2D7FA4C
Exception at PC 0x00007FFEE2D7FA4C
Exception at PC 0x00007FFEE2D7FA4C
[0]  [0x00007FFE2B4FBB93]
[1]  [0x00007FFE2B4FBB93]
[2]  [0x00007FFE2B4FB4A1]
[3]  [0x00007FFE2B4FB459]
[4]  [0x00007FFE2B4E19FE]
[5]  [0x00007FFE2B4E0ED1]
[6]  [0x00007FFE2B4E0D76]
[7]  [0x00007FFE2B4879F6]
[8]  [0x00007FFE2B477AFB]
[9]  [0x00007FFE2B59E90A]
[10]  [0x00007FFE2B5B9F87]
[11]  [0x00007FFE2B5BA05F]
[12] (BaseThreadInitThunk+0x1d) [0x00007FFEE39B259D]
[13] (RtlUserThreadStart+0x28) [0x00007FFEE57EAF38]
Done
Exception at PC 0x00007FFEE2D7FA4C
Exception at PC 0x00007FFEE2D7FA4C
Exception at PC 0x00007FFEE2D7FA4C
Exception at PC 0x00007FFEE2D7FA4C
Exception at PC 0x00007FFEE2D7FA4C
Exception at PC 0x00007FFEE2D7FA4C
Exception at PC 0x00007FFEE2D7FA4C
Exception at PC 0x00007FFEE2D7FA4C
Exception at PC 0x00007FFEE2D7FA4C
Exception at PC 0x00007FFEE2D7FA4C
Exception at PC 0x00007FFEE2D7FA4C
Exception at PC 0x00007FFEE2D7FA4C
